test cmb-new 1 0.0 58 
test cmb-new 1 0.01 22 
test cmb-new 1 0.02 14 
test cmb-new 1 0.03 9 
test cmb-new 1 0.04 9 
test cmb-new 1 0.05 9 
test cmb-new 1 0.06 8 
test cmb-new 1 0.07 8 
test cmb-new 1 0.08 8 
test cmb-new 1 0.09 8 
test cmb-new 1 0.1 9 
test cmb-new 1 0.11 9 
test cmb-new 1 0.12 10 
test cmb-new 1 0.13 10 
test cmb-new 1 0.14 11 
test cmb-new 1 0.15 11 
test cmb-new 1 0.16 11 
test cmb-new 1 0.17 12 
test cmb-new 1 0.18 12 
test cmb-new 1 0.19 11 
test cmb-new 1 0.2 11 
test cmb-new 1 0.21 11 
test cmb-new 1 0.22 11 
test cmb-new 1 0.23 10 
test cmb-new 1 0.24 10 
test cmb-new 1 0.25 10 
test cmb-new 1 0.26 9 
test cmb-new 1 0.27 9 
test cmb-new 1 0.28 9 
test cmb-new 1 0.29 8 
test cmb-new 1 0.3 8 
test cmb-new 1 0.31 8 
test cmb-new 1 0.32 7 
test cmb-new 1 0.33 7 
test cmb-new 1 0.34 7 
test cmb-new 1 0.35 7 
test cmb-new 1 0.36 6 
test cmb-new 1 0.37 6 
test cmb-new 1 0.38 6 
test cmb-new 1 0.39 6 
test cmb-new 1 0.4 5 
test cmb-new 1 0.41 5 
test cmb-new 1 0.42 5 
test cmb-new 1 0.43 5 
test cmb-new 1 0.44 5 
test cmb-new 1 0.45 5 
test cmb-new 1 0.46 4 
test cmb-new 1 0.47 4 
test cmb-new 1 0.48 4 
test cmb-new 1 0.49 4 
test cmb-new 1 0.5 4 
test cmb-new 1 0.51 4 
test cmb-new 1 0.52 4 
test cmb-new 1 0.53 4 
test cmb-new 1 0.54 4 
test cmb-new 1 0.55 4 
test cmb-new 1 0.56 4 
test cmb-new 1 0.57 4 
test cmb-new 1 0.58 3 
test cmb-new 1 0.59 3 
test cmb-new 1 0.6 3 
test cmb-new 1 0.61 3 
test cmb-new 1 0.62 3 
test cmb-new 1 0.63 3 
test cmb-new 1 0.64 3 
test cmb-new 1 0.65 3 
test cmb-new 1 0.66 3 
test cmb-new 1 0.67 3 
test cmb-new 1 0.68 2 
test cmb-new 1 0.69 2 
test cmb-new 1 0.7 2 
test cmb-new 1 0.71 2 
test cmb-new 1 0.72 2 
test cmb-new 1 0.73 2 
test cmb-new 1 0.74 2 
test cmb-new 1 0.75 2 
test cmb-new 1 0.76 2 
test cmb-new 1 0.77 2 
test cmb-new 1 0.78 2 
test cmb-new 1 0.79 2 
test cmb-new 1 0.8 2 
test cmb-new 1 0.81 1 
test cmb-new 1 0.82 1 
test cmb-new 1 0.83 1 
test cmb-new 1 0.84 1 
test cmb-new 1 0.85 1 
test cmb-new 1 0.86 1 
test cmb-new 1 0.87 1 
test cmb-new 1 0.88 1 
test cmb-new 1 0.89 1 
test cmb-new 1 0.9 1 
test cmb-new 1 0.91 1 
test cmb-new 1 0.92 1 
test cmb-new 1 0.93 1 
test cmb-new 1 0.94 1 
test cmb-new 1 0.95 1 
test cmb-new 1 0.96 1 
test cmb-new 1 0.97 1 
test cmb-new 1 0.98 1 
test cmb-new 1 0.99 1 
test cmb-new 1 1.0 1 
test cmb-new 0 0.0 199 
test cmb-new 0 0.01 69 
test cmb-new 0 0.02 24 
test cmb-new 0 0.03 26 
test cmb-new 0 0.04 15 
test cmb-new 0 0.05 15 
test cmb-new 0 0.06 15 
test cmb-new 0 0.07 23 
test cmb-new 0 0.08 29 
test cmb-new 0 0.09 20 
test cmb-new 0 0.1 9 
test cmb-new 0 0.11 6 
test cmb-new 0 0.12 6 
test cmb-new 0 0.13 5 
test cmb-new 0 0.14 5 
test cmb-new 0 0.15 5 
test cmb-new 0 0.16 4 
test cmb-new 0 0.17 4 
test cmb-new 0 0.18 4 
test cmb-new 0 0.19 4 
test cmb-new 0 0.2 4 
test cmb-new 0 0.21 4 
test cmb-new 0 0.22 4 
test cmb-new 0 0.23 4 
test cmb-new 0 0.24 4 
test cmb-new 0 0.25 4 
test cmb-new 0 0.26 5 
test cmb-new 0 0.27 5 
test cmb-new 0 0.28 5 
test cmb-new 0 0.29 5 
test cmb-new 0 0.3 5 
test cmb-new 0 0.31 5 
test cmb-new 0 0.32 5 
test cmb-new 0 0.33 5 
test cmb-new 0 0.34 5 
test cmb-new 0 0.35 4 
test cmb-new 0 0.36 4 
test cmb-new 0 0.37 4 
test cmb-new 0 0.38 4 
test cmb-new 0 0.39 4 
test cmb-new 0 0.4 3 
test cmb-new 0 0.41 3 
test cmb-new 0 0.42 3 
test cmb-new 0 0.43 3 
test cmb-new 0 0.44 3 
test cmb-new 0 0.45 2 
test cmb-new 0 0.46 2 
test cmb-new 0 0.47 2 
test cmb-new 0 0.48 2 
test cmb-new 0 0.49 2 
test cmb-new 0 0.5 2 
test cmb-new 0 0.51 2 
test cmb-new 0 0.52 2 
test cmb-new 0 0.53 2 
test cmb-new 0 0.54 2 
test cmb-new 0 0.55 2 
test cmb-new 0 0.56 2 
test cmb-new 0 0.57 2 
test cmb-new 0 0.58 2 
test cmb-new 0 0.59 2 
test cmb-new 0 0.6 2 
test cmb-new 0 0.61 2 
test cmb-new 0 0.62 2 
test cmb-new 0 0.63 2 
test cmb-new 0 0.64 2 
test cmb-new 0 0.65 2 
test cmb-new 0 0.66 2 
test cmb-new 0 0.67 2 
test cmb-new 0 0.68 2 
test cmb-new 0 0.69 2 
test cmb-new 0 0.7 2 
test cmb-new 0 0.71 2 
test cmb-new 0 0.72 2 
test cmb-new 0 0.73 2 
test cmb-new 0 0.74 2 
test cmb-new 0 0.75 2 
test cmb-new 0 0.76 2 
test cmb-new 0 0.77 2 
test cmb-new 0 0.78 2 
test cmb-new 0 0.79 2 
test cmb-new 0 0.8 2 
test cmb-new 0 0.81 1 
test cmb-new 0 0.82 1 
test cmb-new 0 0.83 1 
test cmb-new 0 0.84 1 
test cmb-new 0 0.85 1 
test cmb-new 0 0.86 1 
test cmb-new 0 0.87 1 
test cmb-new 0 0.88 1 
test cmb-new 0 0.89 2 
test cmb-new 0 0.9 2 
test cmb-new 0 0.91 1 
test cmb-new 0 0.92 1 
test cmb-new 0 0.93 1 
test cmb-new 0 0.94 1 
test cmb-new 0 0.95 1 
test cmb-new 0 0.96 1 
test cmb-new 0 0.97 1 
test cmb-new 0 0.98 1 
test cmb-new 0 0.99 1 
test cmb-new 0 1.0 1 
