test cmb-new 1 0.0 2 
test cmb-new 1 0.01 1 
test cmb-new 1 0.02 1 
test cmb-new 1 0.03 1 
test cmb-new 1 0.04 3 
test cmb-new 1 0.05 7 
test cmb-new 1 0.06 4 
test cmb-new 1 0.07 2 
test cmb-new 1 0.08 1 
test cmb-new 1 0.09 1 
test cmb-new 1 0.1 1 
test cmb-new 1 0.11 1 
test cmb-new 1 0.12 1 
test cmb-new 1 0.13 1 
test cmb-new 1 0.14 1 
test cmb-new 1 0.15 1 
test cmb-new 1 0.16 1 
test cmb-new 1 0.17 1 
test cmb-new 1 0.18 2 
test cmb-new 1 0.19 2 
test cmb-new 1 0.2 1 
test cmb-new 1 0.21 1 
test cmb-new 1 0.22 1 
test cmb-new 1 0.23 2 
test cmb-new 1 0.24 2 
test cmb-new 1 0.25 1 
test cmb-new 1 0.26 1 
test cmb-new 1 0.27 1 
test cmb-new 1 0.28 1 
test cmb-new 1 0.29 1 
test cmb-new 1 0.3 1 
test cmb-new 1 0.31 1 
test cmb-new 1 0.32 2 
test cmb-new 1 0.33 2 
test cmb-new 1 0.34 1 
test cmb-new 1 0.35 1 
test cmb-new 1 0.36 1 
test cmb-new 1 0.37 1 
test cmb-new 1 0.38 1 
test cmb-new 1 0.39 1 
test cmb-new 1 0.4 1 
test cmb-new 1 0.41 1 
test cmb-new 1 0.42 1 
test cmb-new 1 0.43 1 
test cmb-new 1 0.44 1 
test cmb-new 1 0.45 1 
test cmb-new 1 0.46 1 
test cmb-new 1 0.47 1 
test cmb-new 1 0.48 1 
test cmb-new 1 0.49 1 
test cmb-new 1 0.5 1 
test cmb-new 1 0.51 4 
test cmb-new 1 0.52 1 
test cmb-new 1 0.53 1 
test cmb-new 1 0.54 1 
test cmb-new 1 0.55 1 
test cmb-new 1 0.56 1 
test cmb-new 1 0.57 1 
test cmb-new 1 0.58 3 
test cmb-new 1 0.59 2 
test cmb-new 1 0.6 1 
test cmb-new 1 0.61 1 
test cmb-new 1 0.62 1 
test cmb-new 1 0.63 1 
test cmb-new 1 0.64 1 
test cmb-new 1 0.65 1 
test cmb-new 1 0.66 2 
test cmb-new 1 0.67 2 
test cmb-new 1 0.68 2 
test cmb-new 1 0.69 2 
test cmb-new 1 0.7 2 
test cmb-new 1 0.71 3 
test cmb-new 1 0.72 3 
test cmb-new 1 0.73 3 
test cmb-new 1 0.74 3 
test cmb-new 1 0.75 3 
test cmb-new 1 0.76 3 
test cmb-new 1 0.77 4 
test cmb-new 1 0.78 4 
test cmb-new 1 0.79 5 
test cmb-new 1 0.8 7 
test cmb-new 1 0.81 7 
test cmb-new 1 0.82 7 
test cmb-new 1 0.83 6 
test cmb-new 1 0.84 6 
test cmb-new 1 0.85 6 
test cmb-new 1 0.86 8 
test cmb-new 1 0.87 9 
test cmb-new 1 0.88 9 
test cmb-new 1 0.89 4 
test cmb-new 1 0.9 3 
test cmb-new 1 0.91 2 
test cmb-new 1 0.92 2 
test cmb-new 1 0.93 2 
test cmb-new 1 0.94 2 
test cmb-new 1 0.95 2 
test cmb-new 1 0.96 2 
test cmb-new 1 0.97 2 
test cmb-new 1 0.98 1 
test cmb-new 1 0.99 1 
test cmb-new 1 1.0 1 
test cmb-new 0 0.0 375 
test cmb-new 0 0.01 20 
test cmb-new 0 0.02 37 
test cmb-new 0 0.03 34 
test cmb-new 0 0.04 16 
test cmb-new 0 0.05 16 
test cmb-new 0 0.06 23 
test cmb-new 0 0.07 34 
test cmb-new 0 0.08 18 
test cmb-new 0 0.09 14 
test cmb-new 0 0.1 15 
test cmb-new 0 0.11 18 
test cmb-new 0 0.12 18 
test cmb-new 0 0.13 18 
test cmb-new 0 0.14 19 
test cmb-new 0 0.15 19 
test cmb-new 0 0.16 40 
test cmb-new 0 0.17 48 
test cmb-new 0 0.18 23 
test cmb-new 0 0.19 23 
test cmb-new 0 0.2 23 
test cmb-new 0 0.21 24 
test cmb-new 0 0.22 24 
test cmb-new 0 0.23 57 
test cmb-new 0 0.24 70 
test cmb-new 0 0.25 39 
test cmb-new 0 0.26 29 
test cmb-new 0 0.27 29 
test cmb-new 0 0.28 31 
test cmb-new 0 0.29 34 
test cmb-new 0 0.3 35 
test cmb-new 0 0.31 32 
test cmb-new 0 0.32 32 
test cmb-new 0 0.33 30 
test cmb-new 0 0.34 20 
test cmb-new 0 0.35 13 
test cmb-new 0 0.36 11 
test cmb-new 0 0.37 10 
test cmb-new 0 0.38 8 
test cmb-new 0 0.39 8 
test cmb-new 0 0.4 8 
test cmb-new 0 0.41 7 
test cmb-new 0 0.42 7 
test cmb-new 0 0.43 7 
test cmb-new 0 0.44 6 
test cmb-new 0 0.45 5 
test cmb-new 0 0.46 6 
test cmb-new 0 0.47 6 
test cmb-new 0 0.48 7 
test cmb-new 0 0.49 10 
test cmb-new 0 0.5 16 
test cmb-new 0 0.51 17 
test cmb-new 0 0.52 14 
test cmb-new 0 0.53 11 
test cmb-new 0 0.54 8 
test cmb-new 0 0.55 5 
test cmb-new 0 0.56 5 
test cmb-new 0 0.57 4 
test cmb-new 0 0.58 5 
test cmb-new 0 0.59 4 
test cmb-new 0 0.6 3 
test cmb-new 0 0.61 3 
test cmb-new 0 0.62 3 
test cmb-new 0 0.63 3 
test cmb-new 0 0.64 5 
test cmb-new 0 0.65 4 
test cmb-new 0 0.66 5 
test cmb-new 0 0.67 4 
test cmb-new 0 0.68 4 
test cmb-new 0 0.69 3 
test cmb-new 0 0.7 3 
test cmb-new 0 0.71 3 
test cmb-new 0 0.72 3 
test cmb-new 0 0.73 3 
test cmb-new 0 0.74 3 
test cmb-new 0 0.75 3 
test cmb-new 0 0.76 3 
test cmb-new 0 0.77 2 
test cmb-new 0 0.78 2 
test cmb-new 0 0.79 2 
test cmb-new 0 0.8 2 
test cmb-new 0 0.81 2 
test cmb-new 0 0.82 2 
test cmb-new 0 0.83 2 
test cmb-new 0 0.84 3 
test cmb-new 0 0.85 3 
test cmb-new 0 0.86 3 
test cmb-new 0 0.87 3 
test cmb-new 0 0.88 4 
test cmb-new 0 0.89 3 
test cmb-new 0 0.9 3 
test cmb-new 0 0.91 3 
test cmb-new 0 0.92 3 
test cmb-new 0 0.93 2 
test cmb-new 0 0.94 2 
test cmb-new 0 0.95 2 
test cmb-new 0 0.96 1 
test cmb-new 0 0.97 1 
test cmb-new 0 0.98 1 
test cmb-new 0 0.99 1 
test cmb-new 0 1.0 1 
